<?xml version="1.0" encoding="UTF-8"?>
<!-- Generated by org.testng.reporters.JUnitReportReporter -->
<testsuite skipped="0" hostname="WINDOWS10" name="com.org.tests.Keywordcounttest" tests="3" failures="0" timestamp="24 Aug 2020 12:15:58 GMT" time="18.195" errors="0">
  <testcase name="countvideos" time="4.550" classname="com.org.tests.Keywordcounttest"/>
  <testcase name="countvideos" time="6.313" classname="com.org.tests.Keywordcounttest"/>
  <testcase name="countvideos" time="7.332" classname="com.org.tests.Keywordcounttest"/>
</testsuite> <!-- com.org.tests.Keywordcounttest -->
