<?xml version="1.0" encoding="UTF-8"?>
<!-- Generated by org.testng.reporters.JUnitReportReporter -->
<testsuite skipped="0" hostname="WINDOWS10" name="com.org.tests.Bookflighttest" tests="1" failures="0" timestamp="24 Aug 2020 12:13:53 GMT" time="6.133" errors="0">
  <testcase name="Registrationpagetest" time="6.133" classname="com.org.tests.Bookflighttest"/>
</testsuite> <!-- com.org.tests.Bookflighttest -->
